{"level":"info","message":"::1 - - [28/Jul/2018:23:54:39 +0000] \"POST /v1/candidatos HTTP/1.1\" 404 153\n","timestamp":"2018-07-28T23:54:39.992Z"}
{"level":"info","message":"::1 - - [28/Jul/2018:23:56:22 +0000] \"POST /v1/candidatos HTTP/1.1\" 404 489\n","timestamp":"2018-07-28T23:56:22.312Z"}
{"level":"info","message":"::1 - - [28/Jul/2018:23:57:38 +0000] \"POST /v1/candidatos HTTP/1.1\" 404 489\n","timestamp":"2018-07-28T23:57:38.904Z"}
{"level":"info","message":"::1 - - [28/Jul/2018:23:58:19 +0000] \"POST /v1/candidatos HTTP/1.1\" 404 489\n","timestamp":"2018-07-28T23:58:19.830Z"}
{"level":"info","message":"::1 - - [28/Jul/2018:23:59:17 +0000] \"POST /v1/candidatos HTTP/1.1\" 404 489\n","timestamp":"2018-07-28T23:59:17.776Z"}
{"level":"info","message":"::1 - - [28/Jul/2018:23:59:33 +0000] \"POST /v1/candidatos HTTP/1.1\" 404 489\n","timestamp":"2018-07-28T23:59:33.376Z"}
{"level":"info","message":"::1 - - [29/Jul/2018:00:00:33 +0000] \"POST /v1/candidatos HTTP/1.1\" 404 489\n","timestamp":"2018-07-29T00:00:33.273Z"}
{"level":"info","message":"::1 - - [29/Jul/2018:00:00:44 +0000] \"POST /v1/candidatos HTTP/1.1\" 404 421\n","timestamp":"2018-07-29T00:00:44.718Z"}
{"level":"info","message":"::1 - - [29/Jul/2018:00:02:14 +0000] \"POST /v1/candidatos HTTP/1.1\" 404 489\n","timestamp":"2018-07-29T00:02:14.247Z"}
{"level":"info","message":"::1 - - [29/Jul/2018:00:03:11 +0000] \"POST /v1/candidatos HTTP/1.1\" 404 489\n","timestamp":"2018-07-29T00:03:11.850Z"}
{"level":"info","message":"::1 - - [29/Jul/2018:00:04:07 +0000] \"POST /v1/candidatos HTTP/1.1\" 404 489\n","timestamp":"2018-07-29T00:04:07.781Z"}
{"level":"info","message":"::1 - - [29/Jul/2018:00:06:49 +0000] \"POST /v1/candidatos HTTP/1.1\" 404 9\n","timestamp":"2018-07-29T00:06:49.479Z"}
{"level":"info","message":"::1 - - [29/Jul/2018:00:06:52 +0000] \"POST /v1/candidatos HTTP/1.1\" 404 9\n","timestamp":"2018-07-29T00:06:52.444Z"}
{"level":"info","message":"::1 - - [29/Jul/2018:00:07:55 +0000] \"POST /v1/candidatos HTTP/1.1\" 404 9\n","timestamp":"2018-07-29T00:07:55.118Z"}
{"level":"info","message":"::1 - - [29/Jul/2018:00:09:40 +0000] \"POST /v1/candidatos HTTP/1.1\" 404 9\n","timestamp":"2018-07-29T00:09:40.782Z"}
{"level":"info","message":"::1 - - [29/Jul/2018:00:12:02 +0000] \"POST /v1/candidatos HTTP/1.1\" 404 9\n","timestamp":"2018-07-29T00:12:02.705Z"}
{"level":"info","message":"::1 - - [29/Jul/2018:00:12:56 +0000] \"POST /v1/candidatos HTTP/1.1\" 404 9\n","timestamp":"2018-07-29T00:12:56.603Z"}
{"level":"info","message":"::1 - - [29/Jul/2018:00:14:23 +0000] \"POST /v1/candidatos HTTP/1.1\" 404 9\n","timestamp":"2018-07-29T00:14:23.869Z"}
{"level":"info","message":"::1 - - [29/Jul/2018:00:14:30 +0000] \"POST /v1/candidatos HTTP/1.1\" 404 9\n","timestamp":"2018-07-29T00:14:30.905Z"}
{"level":"info","message":"::1 - - [29/Jul/2018:00:14:56 +0000] \"POST /v1/candidatos HTTP/1.1\" 404 9\n","timestamp":"2018-07-29T00:14:56.463Z"}
{"level":"info","message":"::1 - - [29/Jul/2018:00:15:47 +0000] \"POST /v1/candidatos HTTP/1.1\" 404 9\n","timestamp":"2018-07-29T00:15:47.088Z"}
{"level":"info","message":"::1 - - [29/Jul/2018:00:17:00 +0000] \"POST /v1/candidatos HTTP/1.1\" - -\n","timestamp":"2018-07-29T00:17:00.934Z"}
{"level":"info","message":"::1 - - [29/Jul/2018:00:18:10 +0000] \"POST /v1/candidatos HTTP/1.1\" 404 9\n","timestamp":"2018-07-29T00:18:10.751Z"}
{"level":"info","message":"::1 - - [29/Jul/2018:00:20:00 +0000] \"POST /v1/candidatos HTTP/1.1\" 500 1377\n","timestamp":"2018-07-29T00:20:00.571Z"}
{"level":"info","message":"::1 - - [29/Jul/2018:00:20:15 +0000] \"POST /v1/candidatos HTTP/1.1\" 500 1377\n","timestamp":"2018-07-29T00:20:15.437Z"}
{"level":"info","message":"::1 - - [29/Jul/2018:00:20:37 +0000] \"POST /v1/candidatos HTTP/1.1\" 500 1381\n","timestamp":"2018-07-29T00:20:37.937Z"}
{"level":"info","message":"::1 - - [29/Jul/2018:00:22:49 +0000] \"POST /v1/candidatos HTTP/1.1\" 500 1514\n","timestamp":"2018-07-29T00:22:49.004Z"}
{"level":"info","message":"::1 - - [29/Jul/2018:00:24:01 +0000] \"POST /v1/candidatos HTTP/1.1\" 500 1444\n","timestamp":"2018-07-29T00:24:01.135Z"}
{"level":"info","message":"::1 - - [29/Jul/2018:00:24:43 +0000] \"POST /v1/candidatos HTTP/1.1\" 500 1445\n","timestamp":"2018-07-29T00:24:43.176Z"}
{"level":"info","message":"::1 - - [29/Jul/2018:00:25:04 +0000] \"POST /v1/candidatos HTTP/1.1\" 500 1445\n","timestamp":"2018-07-29T00:25:04.394Z"}
{"level":"info","message":"::1 - - [29/Jul/2018:00:25:54 +0000] \"POST /v1/candidatos HTTP/1.1\" 500 1445\n","timestamp":"2018-07-29T00:25:54.260Z"}
{"level":"info","message":"::1 - - [29/Jul/2018:00:26:13 +0000] \"POST /v1/candidatos HTTP/1.1\" 500 1445\n","timestamp":"2018-07-29T00:26:13.826Z"}
{"level":"info","message":"::1 - - [29/Jul/2018:00:26:43 +0000] \"POST /v1/candidatos HTTP/1.1\" 500 1445\n","timestamp":"2018-07-29T00:26:43.106Z"}
{"level":"info","message":"::1 - - [29/Jul/2018:00:27:21 +0000] \"POST /v1/candidatos HTTP/1.1\" 500 1444\n","timestamp":"2018-07-29T00:27:21.241Z"}
{"level":"info","message":"::1 - - [29/Jul/2018:00:31:16 +0000] \"POST /v1/candidatos HTTP/1.1\" 500 1445\n","timestamp":"2018-07-29T00:31:16.548Z"}
{"level":"info","message":"::1 - - [29/Jul/2018:00:31:36 +0000] \"POST /v1/candidatos HTTP/1.1\" 500 1445\n","timestamp":"2018-07-29T00:31:36.031Z"}
{"level":"info","message":"::1 - - [29/Jul/2018:00:47:45 +0000] \"POST /v1/candidatos HTTP/1.1\" 404 9\n","timestamp":"2018-07-29T00:47:45.924Z"}
{"level":"info","message":"::1 - - [29/Jul/2018:00:48:40 +0000] \"POST /v1/candidatos HTTP/1.1\" 400 11\n","timestamp":"2018-07-29T00:48:40.301Z"}
{"level":"info","message":"::1 - - [29/Jul/2018:00:53:41 +0000] \"POST /v1/candidatos HTTP/1.1\" 400 11\n","timestamp":"2018-07-29T00:53:41.134Z"}
{"level":"info","message":"::1 - - [29/Jul/2018:00:54:18 +0000] \"POST /v1/candidatos HTTP/1.1\" 400 11\n","timestamp":"2018-07-29T00:54:18.672Z"}
{"level":"info","message":"::1 - - [29/Jul/2018:00:56:15 +0000] \"POST /v1/candidatos HTTP/1.1\" 400 11\n","timestamp":"2018-07-29T00:56:15.604Z"}
{"level":"info","message":"::1 - - [29/Jul/2018:00:59:52 +0000] \"POST /v1/candidatos HTTP/1.1\" 400 11\n","timestamp":"2018-07-29T00:59:52.130Z"}
{"level":"info","message":"::1 - - [29/Jul/2018:01:01:55 +0000] \"POST /v1/candidatos HTTP/1.1\" 400 11\n","timestamp":"2018-07-29T01:01:55.212Z"}
{"level":"info","message":"::1 - - [29/Jul/2018:01:02:22 +0000] \"POST /v1/candidatos HTTP/1.1\" 400 11\n","timestamp":"2018-07-29T01:02:22.913Z"}
{"level":"info","message":"::1 - - [29/Jul/2018:01:05:34 +0000] \"POST /v1/candidatos HTTP/1.1\" - -\n","timestamp":"2018-07-29T01:05:34.729Z"}
{"level":"info","message":"::1 - - [29/Jul/2018:01:06:00 +0000] \"POST /v1/candidatos HTTP/1.1\" 200 258\n","timestamp":"2018-07-29T01:06:00.732Z"}
{"level":"info","message":"::1 - - [29/Jul/2018:01:09:43 +0000] \"POST /v1/candidatos HTTP/1.1\" 400 11\n","timestamp":"2018-07-29T01:09:43.398Z"}
{"level":"info","message":"::1 - - [29/Jul/2018:01:44:14 +0000] \"POST /v1/candidatos HTTP/1.1\" 400 11\n","timestamp":"2018-07-29T01:44:14.876Z"}
{"level":"info","message":"::1 - - [29/Jul/2018:01:45:13 +0000] \"POST /v1/candidatos HTTP/1.1\" 400 11\n","timestamp":"2018-07-29T01:45:13.848Z"}
{"level":"info","message":"::1 - - [29/Jul/2018:01:45:52 +0000] \"POST /v1/candidatos HTTP/1.1\" 400 11\n","timestamp":"2018-07-29T01:45:52.733Z"}
{"level":"info","message":"::1 - - [29/Jul/2018:01:46:11 +0000] \"POST /v1/candidatos HTTP/1.1\" 400 11\n","timestamp":"2018-07-29T01:46:11.623Z"}
{"level":"info","message":"::1 - - [29/Jul/2018:01:52:36 +0000] \"POST /v1/candidatos HTTP/1.1\" - -\n","timestamp":"2018-07-29T01:52:36.049Z"}
{"level":"info","message":"::1 - - [29/Jul/2018:01:54:27 +0000] \"POST /v1/candidatos HTTP/1.1\" - -\n","timestamp":"2018-07-29T01:54:27.459Z"}
{"level":"info","message":"::1 - - [29/Jul/2018:01:54:28 +0000] \"POST /v1/candidatos HTTP/1.1\" 200 258\n","timestamp":"2018-07-29T01:54:28.939Z"}
{"level":"info","message":"::1 - - [29/Jul/2018:01:55:54 +0000] \"POST /v1/candidatos HTTP/1.1\" 404 9\n","timestamp":"2018-07-29T01:55:54.528Z"}
{"level":"info","message":"::1 - - [29/Jul/2018:01:56:19 +0000] \"POST /v1/candidatos HTTP/1.1\" 404 9\n","timestamp":"2018-07-29T01:56:19.684Z"}
{"level":"info","message":"::1 - - [29/Jul/2018:03:55:10 +0000] \"POST /v1/candidatos HTTP/1.1\" 404 9\n","timestamp":"2018-07-29T03:55:10.573Z"}
{"level":"info","message":"::1 - - [29/Jul/2018:03:55:55 +0000] \"POST /v1/candidatos HTTP/1.1\" 404 9\n","timestamp":"2018-07-29T03:55:55.672Z"}
{"level":"info","message":"::1 - - [29/Jul/2018:03:56:13 +0000] \"POST /v1/candidatos HTTP/1.1\" [object Object] 9\n","timestamp":"2018-07-29T03:56:13.687Z"}
{"level":"info","message":"::1 - - [29/Jul/2018:03:56:39 +0000] \"POST /v1/candidatos HTTP/1.1\" [object Object] 9\n","timestamp":"2018-07-29T03:56:39.647Z"}
{"level":"info","message":"::1 - - [29/Jul/2018:03:57:49 +0000] \"POST /v1/candidatos HTTP/1.1\" 404 38\n","timestamp":"2018-07-29T03:57:49.884Z"}
{"level":"info","message":"::1 - - [29/Jul/2018:04:04:32 +0000] \"GET /v1/candidatos HTTP/1.1\" 404 152\n","timestamp":"2018-07-29T04:04:32.515Z"}
{"level":"info","message":"::1 - - [29/Jul/2018:04:08:34 +0000] \"GET /v1/candidatos HTTP/1.1\" 200 261\n","timestamp":"2018-07-29T04:08:34.082Z"}
{"level":"info","message":"::1 - - [29/Jul/2018:04:10:19 +0000] \"POST /v1/candidatos HTTP/1.1\" 404 38\n","timestamp":"2018-07-29T04:10:19.792Z"}
{"level":"info","message":"::1 - - [29/Jul/2018:04:10:25 +0000] \"POST /v1/candidatos HTTP/1.1\" 404 38\n","timestamp":"2018-07-29T04:10:25.460Z"}
{"level":"info","message":"::1 - - [29/Jul/2018:04:10:26 +0000] \"POST /v1/candidatos HTTP/1.1\" 404 38\n","timestamp":"2018-07-29T04:10:26.454Z"}
{"level":"info","message":"::1 - - [29/Jul/2018:04:10:27 +0000] \"POST /v1/candidatos HTTP/1.1\" 404 38\n","timestamp":"2018-07-29T04:10:27.467Z"}
{"level":"info","message":"::1 - - [29/Jul/2018:04:10:28 +0000] \"POST /v1/candidatos HTTP/1.1\" 404 38\n","timestamp":"2018-07-29T04:10:28.154Z"}
{"level":"info","message":"::1 - - [29/Jul/2018:04:11:20 +0000] \"POST /v1/candidatos HTTP/1.1\" 404 38\n","timestamp":"2018-07-29T04:11:20.319Z"}
{"level":"info","message":"::1 - - [29/Jul/2018:04:11:43 +0000] \"POST /v1/candidatos HTTP/1.1\" 404 38\n","timestamp":"2018-07-29T04:11:43.448Z"}
{"level":"info","message":"::1 - - [29/Jul/2018:04:12:05 +0000] \"POST /v1/candidatos HTTP/1.1\" 404 38\n","timestamp":"2018-07-29T04:12:05.552Z"}
{"level":"info","message":"::1 - - [29/Jul/2018:04:22:39 +0000] \"POST /v1/candidatos HTTP/1.1\" 400 1018\n","timestamp":"2018-07-29T04:22:39.656Z"}
{"level":"info","message":"::1 - - [29/Jul/2018:04:30:12 +0000] \"POST /v1/candidatos HTTP/1.1\" - -\n","timestamp":"2018-07-29T04:30:12.652Z"}
{"level":"info","message":"::1 - - [29/Jul/2018:04:30:44 +0000] \"POST /v1/candidatos HTTP/1.1\" - -\n","timestamp":"2018-07-29T04:30:44.679Z"}
{"level":"info","message":"::1 - - [29/Jul/2018:04:31:42 +0000] \"POST /v1/candidatos HTTP/1.1\" - -\n","timestamp":"2018-07-29T04:31:42.597Z"}
{"level":"info","message":"::1 - - [29/Jul/2018:04:32:31 +0000] \"POST /v1/candidatos HTTP/1.1\" 200 267\n","timestamp":"2018-07-29T04:32:31.195Z"}
{"level":"info","message":"::1 - - [29/Jul/2018:04:33:29 +0000] \"PUT /v1/candidatos/5b5d435fa4804f5e1679ed17 HTTP/1.1\" 400 2\n","timestamp":"2018-07-29T04:33:29.743Z"}
{"level":"info","message":"::1 - - [29/Jul/2018:04:33:48 +0000] \"PUT /v1/candidatos/5b5d435fa4804f5e1679ed17 HTTP/1.1\" 400 2\n","timestamp":"2018-07-29T04:33:48.133Z"}
{"level":"info","message":"::1 - - [29/Jul/2018:04:34:50 +0000] \"PUT /v1/candidatos/5b5d435fa4804f5e1679ed17 HTTP/1.1\" 200 268\n","timestamp":"2018-07-29T04:34:50.237Z"}
{"level":"info","message":"::1 - - [29/Jul/2018:04:35:51 +0000] \"PUT /v1/candidatos/5b5d435fa4804f5e1679ed17 HTTP/1.1\" 200 267\n","timestamp":"2018-07-29T04:35:51.201Z"}
{"level":"info","message":"::1 - - [29/Jul/2018:04:36:00 +0000] \"PUT /v1/candidatos/5b5d435fa4804f5e1679ed17 HTTP/1.1\" 200 266\n","timestamp":"2018-07-29T04:36:00.295Z"}
{"level":"info","message":"::1 - - [29/Jul/2018:04:36:06 +0000] \"PUT /v1/candidatos/5b5d435fa4804f5e1679ed17 HTTP/1.1\" 200 267\n","timestamp":"2018-07-29T04:36:06.409Z"}
